<?xml version="1.0" encoding="UTF-8"?>
<testng-results ignored="0" total="1" passed="1" failed="0" skipped="0">
  <reporter-output>
    <line>
      <![CDATA[Hi Keerthana]]>
    </line>
  </reporter-output>
  <suite started-at="2025-03-09T14:10:18 IST" name="Suite" finished-at="2025-03-09T14:10:18 IST" duration-ms="116">
    <groups>
    </groups>
    <test started-at="2025-03-09T14:10:18 IST" name="Test" finished-at="2025-03-09T14:10:18 IST" duration-ms="116">
      <class name="com.mandane.testcript.CampModule">
        <test-method signature="home()[pri:0, instance:com.mandane.testcript.CampModule@6adbc9d]" started-at="2025-03-09T14:10:18 IST" name="home" finished-at="2025-03-09T14:10:18 IST" duration-ms="34" status="PASS">
          <reporter-output>
            <line>
              <![CDATA[Hi Keerthana]]>
            </line>
          </reporter-output>
        </test-method> <!-- home -->
      </class> <!-- com.mandane.testcript.CampModule -->
    </test> <!-- Test -->
  </suite> <!-- Suite -->
</testng-results>
