<?xml version="1.0" encoding="UTF-8"?>
<testng-results ignored="0" total="1" passed="1" failed="0" skipped="0">
  <reporter-output>
    <line>
      <![CDATA[hi]]>
    </line>
  </reporter-output>
  <suite started-at="2025-03-09T11:04:05 IST" name="Default suite" finished-at="2025-03-09T11:04:05 IST" duration-ms="65">
    <groups>
    </groups>
    <test started-at="2025-03-09T11:04:05 IST" name="Default test" finished-at="2025-03-09T11:04:05 IST" duration-ms="65">
      <class name="com.mandane.testcript.CampModule">
        <test-method signature="home()[pri:0, instance:com.mandane.testcript.CampModule@6adbc9d]" started-at="2025-03-09T11:04:05 IST" name="home" finished-at="2025-03-09T11:04:05 IST" duration-ms="17" status="PASS">
          <reporter-output>
            <line>
              <![CDATA[hi]]>
            </line>
          </reporter-output>
        </test-method> <!-- home -->
      </class> <!-- com.mandane.testcript.CampModule -->
    </test> <!-- Default test -->
  </suite> <!-- Default suite -->
</testng-results>
